This file contains any messages produced by compilers while
running configure, to aid debugging if configure makes a mistake.

It was created by giflib configure 5.0.4, which was
generated by GNU Autoconf 2.68.  Invocation command line was

  $ ./configure --prefix=/Users/pconrad/github/giffer/giflib

## --------- ##
## Platform. ##
## --------- ##

hostname = Phillip-Conrads-Mac-mini.local
uname -m = i386
uname -r = 10.8.0
uname -s = Darwin
uname -v = Darwin Kernel Version 10.8.0: Tue Jun  7 16:33:36 PDT 2011; root:xnu-1504.15.3~1/RELEASE_I386

/usr/bin/uname -p = i386
/bin/uname -X     = unknown

/bin/arch              = unknown
/usr/bin/arch -k       = unknown
/usr/convex/getsysinfo = unknown
/usr/bin/hostinfo      = Mach kernel version:
	 Darwin Kernel Version 10.8.0: Tue Jun  7 16:33:36 PDT 2011; root:xnu-1504.15.3~1/RELEASE_I386
Kernel configured for up to 2 processors.
2 processors are physically available.
2 processors are logically available.
Processor type: i486 (Intel 80486)
Processors active: 0 1
Primary memory available: 1.00 gigabytes
Default processor set: 78 tasks, 407 threads, 2 processors
Load average: 1.36, Mach factor: 1.35
/bin/machine           = unknown
/usr/bin/oslevel       = unknown
/bin/universe          = unknown

PATH: /Library/Frameworks/Python.framework/Versions/2.7/bin
PATH: /opt/local/bin
PATH: /opt/local/sbin
PATH: /usr/bin
PATH: /bin
PATH: /usr/sbin
PATH: /sbin
PATH: /usr/local/bin
PATH: /usr/local/git/bin
PATH: /usr/X11/bin


## ----------- ##
## Core tests. ##
## ----------- ##

configure:2235: checking for a BSD-compatible install
configure:2303: result: /usr/bin/install -c
configure:2314: checking whether build environment is sane
configure:2364: result: yes
configure:2505: checking for a thread-safe mkdir -p
configure:2544: result: ./install-sh -c -d
configure:2557: checking for gawk
configure:2587: result: no
configure:2557: checking for mawk
configure:2587: result: no
configure:2557: checking for nawk
configure:2587: result: no
configure:2557: checking for awk
configure:2573: found /usr/bin/awk
configure:2584: result: awk
configure:2595: checking whether make sets $(MAKE)
configure:2617: result: yes
configure:2708: checking whether make supports nested variables
configure:2725: result: yes
configure:2769: checking build system type
configure:2783: result: x86_64-apple-darwin10.8.0
configure:2803: checking host system type
configure:2816: result: x86_64-apple-darwin10.8.0
configure:2857: checking how to print strings
configure:2884: result: printf
configure:2917: checking for style of include used by make
configure:2945: result: GNU
configure:3016: checking for gcc
configure:3032: found /usr/bin/gcc
configure:3043: result: gcc
configure:3272: checking for C compiler version
configure:3281: gcc --version >&5
i686-apple-darwin10-gcc-4.2.1 (GCC) 4.2.1 (Apple Inc. build 5666) (dot 3)
Copyright (C) 2007 Free Software Foundation, Inc.
This is free software; see the source for copying conditions.  There is NO
warranty; not even for MERCHANTABILITY or FITNESS FOR A PARTICULAR PURPOSE.

configure:3292: $? = 0
configure:3281: gcc -v >&5
Using built-in specs.
Target: i686-apple-darwin10
Configured with: /var/tmp/gcc/gcc-5666.3~6/src/configure --disable-checking --enable-werror --prefix=/usr --mandir=/share/man --enable-languages=c,objc,c++,obj-c++ --program-transform-name=/^[cg][^.-]*$/s/$/-4.2/ --with-slibdir=/usr/lib --build=i686-apple-darwin10 --program-prefix=i686-apple-darwin10- --host=x86_64-apple-darwin10 --target=i686-apple-darwin10 --with-gxx-include-dir=/include/c++/4.2.1
Thread model: posix
gcc version 4.2.1 (Apple Inc. build 5666) (dot 3)
configure:3292: $? = 0
configure:3281: gcc -V >&5
gcc-4.2: argument to `-V' is missing
configure:3292: $? = 1
configure:3281: gcc -qversion >&5
i686-apple-darwin10-gcc-4.2.1: no input files
configure:3292: $? = 1
configure:3312: checking whether the C compiler works
configure:3334: gcc    conftest.c  >&5
configure:3338: $? = 0
configure:3386: result: yes
configure:3389: checking for C compiler default output file name
configure:3391: result: a.out
configure:3397: checking for suffix of executables
configure:3404: gcc -o conftest    conftest.c  >&5
configure:3408: $? = 0
configure:3430: result: 
configure:3452: checking whether we are cross compiling
configure:3460: gcc -o conftest    conftest.c  >&5
configure:3464: $? = 0
configure:3471: ./conftest
configure:3475: $? = 0
configure:3490: result: no
configure:3495: checking for suffix of object files
configure:3517: gcc -c   conftest.c >&5
configure:3521: $? = 0
configure:3542: result: o
configure:3546: checking whether we are using the GNU C compiler
configure:3565: gcc -c   conftest.c >&5
configure:3565: $? = 0
configure:3574: result: yes
configure:3583: checking whether gcc accepts -g
configure:3603: gcc -c -g  conftest.c >&5
configure:3603: $? = 0
configure:3644: result: yes
configure:3661: checking for gcc option to accept ISO C89
configure:3725: gcc  -c -g -O2  conftest.c >&5
configure:3725: $? = 0
configure:3738: result: none needed
configure:3760: checking dependency style of gcc
configure:3871: result: gcc3
configure:3886: checking for a sed that does not truncate output
configure:3950: result: /usr/bin/sed
configure:3968: checking for grep that handles long lines and -e
configure:4026: result: /usr/bin/grep
configure:4031: checking for egrep
configure:4093: result: /usr/bin/grep -E
configure:4098: checking for fgrep
configure:4160: result: /usr/bin/grep -F
configure:4195: checking for ld used by gcc
configure:4262: result: /usr/libexec/gcc/i686-apple-darwin10/4.2.1/ld
configure:4269: checking if the linker (/usr/libexec/gcc/i686-apple-darwin10/4.2.1/ld) is GNU ld
configure:4284: result: no
configure:4296: checking for BSD- or MS-compatible name lister (nm)
configure:4345: result: /usr/bin/nm
configure:4475: checking the name lister (/usr/bin/nm) interface
configure:4482: gcc -c -g -O2  conftest.c >&5
configure:4485: /usr/bin/nm "conftest.o"
configure:4488: output
000000000000018c D _some_variable
configure:4495: result: BSD nm
configure:4498: checking whether ln -s works
configure:4502: result: yes
configure:4510: checking the maximum length of command line arguments
configure:4640: result: 196608
configure:4657: checking whether the shell understands some XSI constructs
configure:4667: result: yes
configure:4671: checking whether the shell understands "+="
configure:4677: result: yes
configure:4712: checking how to convert x86_64-apple-darwin10.8.0 file names to x86_64-apple-darwin10.8.0 format
configure:4752: result: func_convert_file_noop
configure:4759: checking how to convert x86_64-apple-darwin10.8.0 file names to toolchain format
configure:4779: result: func_convert_file_noop
configure:4786: checking for /usr/libexec/gcc/i686-apple-darwin10/4.2.1/ld option to reload object files
configure:4793: result: -r
configure:4867: checking for objdump
configure:4897: result: no
configure:4926: checking how to recognize dependent libraries
configure:5128: result: pass_all
configure:5213: checking for dlltool
configure:5243: result: no
configure:5273: checking how to associate runtime and link libraries
configure:5300: result: printf %s\n
configure:5361: checking for ar
configure:5377: found /usr/bin/ar
configure:5388: result: ar
configure:5425: checking for archiver @FILE support
configure:5442: gcc -c -g -O2  conftest.c >&5
configure:5442: $? = 0
configure:5445: ar cru libconftest.a @conftest.lst >&5
ar: @conftest.lst: No such file or directory
configure:5448: $? = 1
configure:5468: result: no
configure:5526: checking for strip
configure:5542: found /usr/bin/strip
configure:5553: result: strip
configure:5625: checking for ranlib
configure:5641: found /usr/bin/ranlib
configure:5652: result: ranlib
configure:5754: checking command to parse /usr/bin/nm output from gcc object
configure:5874: gcc -c -g -O2  conftest.c >&5
configure:5877: $? = 0
configure:5881: /usr/bin/nm conftest.o \| sed -n -e 's/^.*[ ]\([BCDEGRST][BCDEGRST]*\)[ ][ ]*\([_A-Za-z][_A-Za-z0-9]*\)$/\1 \2 \2/p' | sed '/ __gnu_lto/d' \> conftest.nm
configure:5884: $? = 0
cannot find nm_test_var in conftest.nm
configure:5874: gcc -c -g -O2  conftest.c >&5
configure:5877: $? = 0
configure:5881: /usr/bin/nm conftest.o \| sed -n -e 's/^.*[ ]\([BCDEGRST][BCDEGRST]*\)[ ][ ]*_\([_A-Za-z][_A-Za-z0-9]*\)$/\1 _\2 \2/p' | sed '/ __gnu_lto/d' \> conftest.nm
configure:5884: $? = 0
configure:5950: gcc -o conftest -g -O2   conftest.c conftstm.o >&5
configure:5953: $? = 0
configure:5991: result: ok
configure:6028: checking for sysroot
configure:6058: result: no
configure:6314: checking for mt
configure:6344: result: no
configure:6364: checking if : is a manifest tool
configure:6370: : '-?'
configure:6378: result: no
configure:6434: checking for dsymutil
configure:6450: found /usr/bin/dsymutil
configure:6461: result: dsymutil
configure:6526: checking for nmedit
configure:6542: found /usr/bin/nmedit
configure:6553: result: nmedit
configure:6618: checking for lipo
configure:6634: found /usr/bin/lipo
configure:6645: result: lipo
configure:6710: checking for otool
configure:6726: found /usr/bin/otool
configure:6737: result: otool
configure:6802: checking for otool64
configure:6832: result: no
configure:6877: checking for -single_module linker flag
gcc -g -O2  -o libconftest.dylib -dynamiclib -Wl,-single_module conftest.c
configure:6910: result: yes
configure:6913: checking for -exported_symbols_list linker flag
configure:6933: gcc -o conftest -g -O2   -Wl,-exported_symbols_list,conftest.sym conftest.c  >&5
configure:6933: $? = 0
configure:6943: result: yes
configure:6946: checking for -force_load linker flag
gcc -g -O2 -c -o conftest.o conftest.c
ar cru libconftest.a conftest.o
ranlib libconftest.a
gcc -g -O2  -o conftest conftest.c -Wl,-force_load,./libconftest.a
configure:6978: result: yes
configure:7020: checking how to run the C preprocessor
configure:7051: gcc -E  conftest.c
configure:7051: $? = 0
configure:7065: gcc -E  conftest.c
conftest.c:11:28: error: ac_nonexistent.h: No such file or directory
configure:7065: $? = 1
configure: failed program was:
| /* confdefs.h */
| #define PACKAGE_NAME "giflib"
| #define PACKAGE_TARNAME "giflib"
| #define PACKAGE_VERSION "5.0.4"
| #define PACKAGE_STRING "giflib 5.0.4"
| #define PACKAGE_BUGREPORT "esr@thyrsus.com"
| #define PACKAGE_URL ""
| #define PACKAGE "giflib"
| #define VERSION "5.0.4"
| /* end confdefs.h.  */
| #include <ac_nonexistent.h>
configure:7090: result: gcc -E
configure:7110: gcc -E  conftest.c
configure:7110: $? = 0
configure:7124: gcc -E  conftest.c
conftest.c:11:28: error: ac_nonexistent.h: No such file or directory
configure:7124: $? = 1
configure: failed program was:
| /* confdefs.h */
| #define PACKAGE_NAME "giflib"
| #define PACKAGE_TARNAME "giflib"
| #define PACKAGE_VERSION "5.0.4"
| #define PACKAGE_STRING "giflib 5.0.4"
| #define PACKAGE_BUGREPORT "esr@thyrsus.com"
| #define PACKAGE_URL ""
| #define PACKAGE "giflib"
| #define VERSION "5.0.4"
| /* end confdefs.h.  */
| #include <ac_nonexistent.h>
configure:7153: checking for ANSI C header files
configure:7173: gcc -c -g -O2  conftest.c >&5
configure:7173: $? = 0
configure:7246: gcc -o conftest -g -O2   conftest.c  >&5
configure:7246: $? = 0
configure:7246: ./conftest
configure:7246: $? = 0
configure:7257: result: yes
configure:7270: checking for sys/types.h
configure:7270: gcc -c -g -O2  conftest.c >&5
configure:7270: $? = 0
configure:7270: result: yes
configure:7270: checking for sys/stat.h
configure:7270: gcc -c -g -O2  conftest.c >&5
configure:7270: $? = 0
configure:7270: result: yes
configure:7270: checking for stdlib.h
configure:7270: gcc -c -g -O2  conftest.c >&5
configure:7270: $? = 0
configure:7270: result: yes
configure:7270: checking for string.h
configure:7270: gcc -c -g -O2  conftest.c >&5
configure:7270: $? = 0
configure:7270: result: yes
configure:7270: checking for memory.h
configure:7270: gcc -c -g -O2  conftest.c >&5
configure:7270: $? = 0
configure:7270: result: yes
configure:7270: checking for strings.h
configure:7270: gcc -c -g -O2  conftest.c >&5
configure:7270: $? = 0
configure:7270: result: yes
configure:7270: checking for inttypes.h
configure:7270: gcc -c -g -O2  conftest.c >&5
configure:7270: $? = 0
configure:7270: result: yes
configure:7270: checking for stdint.h
configure:7270: gcc -c -g -O2  conftest.c >&5
configure:7270: $? = 0
configure:7270: result: yes
configure:7270: checking for unistd.h
configure:7270: gcc -c -g -O2  conftest.c >&5
configure:7270: $? = 0
configure:7270: result: yes
configure:7284: checking for dlfcn.h
configure:7284: gcc -c -g -O2  conftest.c >&5
configure:7284: $? = 0
configure:7284: result: yes
configure:7490: checking for objdir
configure:7505: result: .libs
configure:7772: checking if gcc supports -fno-rtti -fno-exceptions
configure:7790: gcc -c -g -O2  -fno-rtti -fno-exceptions conftest.c >&5
cc1: warning: command line option "-fno-rtti" is valid for C++/ObjC++ but not for C
configure:7794: $? = 0
configure:7807: result: no
configure:8134: checking for gcc option to produce PIC
configure:8141: result: -fno-common -DPIC
configure:8149: checking if gcc PIC flag -fno-common -DPIC works
configure:8167: gcc -c -g -O2  -fno-common -DPIC -DPIC conftest.c >&5
configure:8171: $? = 0
configure:8184: result: yes
configure:8213: checking if gcc static flag -static works
configure:8241: result: no
configure:8256: checking if gcc supports -c -o file.o
configure:8277: gcc -c -g -O2  -o out/conftest2.o conftest.c >&5
configure:8281: $? = 0
configure:8303: result: yes
configure:8311: checking if gcc supports -c -o file.o
configure:8358: result: yes
configure:8391: checking whether the gcc linker (/usr/libexec/gcc/i686-apple-darwin10/4.2.1/ld) supports shared libraries
configure:9548: result: yes
configure:9788: checking dynamic linker characteristics
configure:10533: result: darwin10.8.0 dyld
configure:10640: checking how to hardcode library paths into programs
configure:10665: result: immediate
configure:11205: checking whether stripping libraries is possible
configure:11219: result: yes
configure:11245: checking if libtool supports shared libraries
configure:11247: result: yes
configure:11250: checking whether to build shared libraries
configure:11271: result: yes
configure:11274: checking whether to build static libraries
configure:11278: result: yes
configure:11363: checking for gcc
configure:11390: result: gcc
configure:11619: checking for C compiler version
configure:11628: gcc --version >&5
i686-apple-darwin10-gcc-4.2.1 (GCC) 4.2.1 (Apple Inc. build 5666) (dot 3)
Copyright (C) 2007 Free Software Foundation, Inc.
This is free software; see the source for copying conditions.  There is NO
warranty; not even for MERCHANTABILITY or FITNESS FOR A PARTICULAR PURPOSE.

configure:11639: $? = 0
configure:11628: gcc -v >&5
Using built-in specs.
Target: i686-apple-darwin10
Configured with: /var/tmp/gcc/gcc-5666.3~6/src/configure --disable-checking --enable-werror --prefix=/usr --mandir=/share/man --enable-languages=c,objc,c++,obj-c++ --program-transform-name=/^[cg][^.-]*$/s/$/-4.2/ --with-slibdir=/usr/lib --build=i686-apple-darwin10 --program-prefix=i686-apple-darwin10- --host=x86_64-apple-darwin10 --target=i686-apple-darwin10 --with-gxx-include-dir=/include/c++/4.2.1
Thread model: posix
gcc version 4.2.1 (Apple Inc. build 5666) (dot 3)
configure:11639: $? = 0
configure:11628: gcc -V >&5
gcc-4.2: argument to `-V' is missing
configure:11639: $? = 1
configure:11628: gcc -qversion >&5
i686-apple-darwin10-gcc-4.2.1: no input files
configure:11639: $? = 1
configure:11643: checking whether we are using the GNU C compiler
configure:11671: result: yes
configure:11680: checking whether gcc accepts -g
configure:11741: result: yes
configure:11758: checking for gcc option to accept ISO C89
configure:11835: result: none needed
configure:11857: checking dependency style of gcc
configure:11968: result: gcc3
configure:11988: checking how to run the C preprocessor
configure:12058: result: gcc -E
configure:12078: gcc -E  conftest.c
configure:12078: $? = 0
configure:12092: gcc -E  conftest.c
conftest.c:23:28: error: ac_nonexistent.h: No such file or directory
configure:12092: $? = 1
configure: failed program was:
| /* confdefs.h */
| #define PACKAGE_NAME "giflib"
| #define PACKAGE_TARNAME "giflib"
| #define PACKAGE_VERSION "5.0.4"
| #define PACKAGE_STRING "giflib 5.0.4"
| #define PACKAGE_BUGREPORT "esr@thyrsus.com"
| #define PACKAGE_URL ""
| #define PACKAGE "giflib"
| #define VERSION "5.0.4"
| #define STDC_HEADERS 1
| #define HAVE_SYS_TYPES_H 1
| #define HAVE_SYS_STAT_H 1
| #define HAVE_STDLIB_H 1
| #define HAVE_STRING_H 1
| #define HAVE_MEMORY_H 1
| #define HAVE_STRINGS_H 1
| #define HAVE_INTTYPES_H 1
| #define HAVE_STDINT_H 1
| #define HAVE_UNISTD_H 1
| #define HAVE_DLFCN_H 1
| #define LT_OBJDIR ".libs/"
| /* end confdefs.h.  */
| #include <ac_nonexistent.h>
configure:12121: checking whether ln -s works
configure:12125: result: yes
configure:12132: checking whether make sets $(MAKE)
configure:12154: result: yes
configure:12164: checking whether gcc and cc understand -c and -o together
configure:12195: gcc -c conftest.c -o conftest2.o >&5
configure:12199: $? = 0
configure:12205: gcc -c conftest.c -o conftest2.o >&5
configure:12209: $? = 0
configure:12220: cc -c conftest.c >&5
configure:12224: $? = 0
configure:12232: cc -c conftest.c -o conftest2.o >&5
configure:12236: $? = 0
configure:12242: cc -c conftest.c -o conftest2.o >&5
configure:12246: $? = 0
configure:12264: result: yes
configure:12292: checking for xmlto
configure:12320: result: no
configure:12346: checking limits.h usability
configure:12346: gcc -c -g -O2 -Wall  conftest.c >&5
configure:12346: $? = 0
configure:12346: result: yes
configure:12346: checking limits.h presence
configure:12346: gcc -E  conftest.c
configure:12346: $? = 0
configure:12346: result: yes
configure:12346: checking for limits.h
configure:12346: result: yes
configure:12360: checking fcntl.h usability
configure:12360: gcc -c -g -O2 -Wall  conftest.c >&5
configure:12360: $? = 0
configure:12360: result: yes
configure:12360: checking fcntl.h presence
configure:12360: gcc -E  conftest.c
configure:12360: $? = 0
configure:12360: result: yes
configure:12360: checking for fcntl.h
configure:12360: result: yes
configure:12374: checking for stdint.h
configure:12374: result: yes
configure:12388: checking stdarg.h usability
configure:12388: gcc -c -g -O2 -Wall  conftest.c >&5
configure:12388: $? = 0
configure:12388: result: yes
configure:12388: checking stdarg.h presence
configure:12388: gcc -E  conftest.c
configure:12388: $? = 0
configure:12388: result: yes
configure:12388: checking for stdarg.h
configure:12388: result: yes
configure:12541: creating ./config.status

## ---------------------- ##
## Running config.status. ##
## ---------------------- ##

This file was extended by giflib config.status 5.0.4, which was
generated by GNU Autoconf 2.68.  Invocation command line was

  CONFIG_FILES    = 
  CONFIG_HEADERS  = 
  CONFIG_LINKS    = 
  CONFIG_COMMANDS = 
  $ ./config.status 

on Phillip-Conrads-Mac-mini.local

config.status:1101: creating util/Makefile
config.status:1101: creating lib/Makefile
config.status:1101: creating Makefile
config.status:1101: creating doc/Makefile
config.status:1101: creating pic/Makefile
config.status:1101: creating config.h
config.status:1282: config.h is unchanged
config.status:1330: executing depfiles commands
config.status:1330: executing libtool commands

## ---------------- ##
## Cache variables. ##
## ---------------- ##

ac_cv_build=x86_64-apple-darwin10.8.0
ac_cv_c_compiler_gnu=yes
ac_cv_env_CC_set=
ac_cv_env_CC_value=
ac_cv_env_CFLAGS_set=
ac_cv_env_CFLAGS_value=
ac_cv_env_CPPFLAGS_set=
ac_cv_env_CPPFLAGS_value=
ac_cv_env_CPP_set=
ac_cv_env_CPP_value=
ac_cv_env_LDFLAGS_set=
ac_cv_env_LDFLAGS_value=
ac_cv_env_LIBS_set=
ac_cv_env_LIBS_value=
ac_cv_env_build_alias_set=
ac_cv_env_build_alias_value=
ac_cv_env_host_alias_set=
ac_cv_env_host_alias_value=
ac_cv_env_target_alias_set=
ac_cv_env_target_alias_value=
ac_cv_header_dlfcn_h=yes
ac_cv_header_fcntl_h=yes
ac_cv_header_inttypes_h=yes
ac_cv_header_limits_h=yes
ac_cv_header_memory_h=yes
ac_cv_header_stdarg_h=yes
ac_cv_header_stdc=yes
ac_cv_header_stdint_h=yes
ac_cv_header_stdlib_h=yes
ac_cv_header_string_h=yes
ac_cv_header_strings_h=yes
ac_cv_header_sys_stat_h=yes
ac_cv_header_sys_types_h=yes
ac_cv_header_unistd_h=yes
ac_cv_host=x86_64-apple-darwin10.8.0
ac_cv_objext=o
ac_cv_path_EGREP='/usr/bin/grep -E'
ac_cv_path_FGREP='/usr/bin/grep -F'
ac_cv_path_GREP=/usr/bin/grep
ac_cv_path_SED=/usr/bin/sed
ac_cv_path_install='/usr/bin/install -c'
ac_cv_prog_AWK=awk
ac_cv_prog_CPP='gcc -E'
ac_cv_prog_ac_ct_AR=ar
ac_cv_prog_ac_ct_CC=gcc
ac_cv_prog_ac_ct_DSYMUTIL=dsymutil
ac_cv_prog_ac_ct_LIPO=lipo
ac_cv_prog_ac_ct_NMEDIT=nmedit
ac_cv_prog_ac_ct_OTOOL=otool
ac_cv_prog_ac_ct_RANLIB=ranlib
ac_cv_prog_ac_ct_STRIP=strip
ac_cv_prog_cc_c89=
ac_cv_prog_cc_g=yes
ac_cv_prog_cc_gcc_c_o=yes
ac_cv_prog_have_xmlto=no
ac_cv_prog_make_make_set=yes
am_cv_CC_dependencies_compiler_type=gcc3
am_cv_make_support_nested_variables=yes
lt_cv_apple_cc_single_mod=yes
lt_cv_ar_at_file=no
lt_cv_deplibs_check_method=pass_all
lt_cv_file_magic_cmd='$MAGIC_CMD'
lt_cv_file_magic_test_file=
lt_cv_ld_exported_symbols_list=yes
lt_cv_ld_force_load=yes
lt_cv_ld_reload_flag=-r
lt_cv_nm_interface='BSD nm'
lt_cv_objdir=.libs
lt_cv_path_LD=/usr/libexec/gcc/i686-apple-darwin10/4.2.1/ld
lt_cv_path_NM=/usr/bin/nm
lt_cv_path_mainfest_tool=no
lt_cv_prog_compiler_c_o=yes
lt_cv_prog_compiler_pic='-fno-common -DPIC'
lt_cv_prog_compiler_pic_works=yes
lt_cv_prog_compiler_rtti_exceptions=no
lt_cv_prog_compiler_static_works=no
lt_cv_prog_gnu_ld=no
lt_cv_sharedlib_from_linklib_cmd='printf %s\n'
lt_cv_sys_global_symbol_pipe='sed -n -e '\''s/^.*[	 ]\([BCDEGRST][BCDEGRST]*\)[	 ][	 ]*_\([_A-Za-z][_A-Za-z0-9]*\)$/\1 _\2 \2/p'\'' | sed '\''/ __gnu_lto/d'\'''
lt_cv_sys_global_symbol_to_c_name_address='sed -n -e '\''s/^: \([^ ]*\)[ ]*$/  {\"\1\", (void *) 0},/p'\'' -e '\''s/^[BCDEGRST]* \([^ ]*\) \([^ ]*\)$/  {"\2", (void *) \&\2},/p'\'''
lt_cv_sys_global_symbol_to_c_name_address_lib_prefix='sed -n -e '\''s/^: \([^ ]*\)[ ]*$/  {\"\1\", (void *) 0},/p'\'' -e '\''s/^[BCDEGRST]* \([^ ]*\) \(lib[^ ]*\)$/  {"\2", (void *) \&\2},/p'\'' -e '\''s/^[BCDEGRST]* \([^ ]*\) \([^ ]*\)$/  {"lib\2", (void *) \&\2},/p'\'''
lt_cv_sys_global_symbol_to_cdecl='sed -n -e '\''s/^T .* \(.*\)$/extern int \1();/p'\'' -e '\''s/^[BCDEGRST]* .* \(.*\)$/extern char \1;/p'\'''
lt_cv_sys_max_cmd_len=196608
lt_cv_to_host_file_cmd=func_convert_file_noop
lt_cv_to_tool_file_cmd=func_convert_file_noop

## ----------------- ##
## Output variables. ##
## ----------------- ##

ACLOCAL='${SHELL} /Users/pconrad/github/giffer/giflib-5.0.4/missing --run aclocal-1.11'
AMDEPBACKSLASH='\'
AMDEP_FALSE='#'
AMDEP_TRUE=''
AMTAR='$${TAR-tar}'
AM_BACKSLASH='\'
AM_DEFAULT_V='$(AM_DEFAULT_VERBOSITY)'
AM_DEFAULT_VERBOSITY='0'
AM_V='$(V)'
AR='ar'
AUTOCONF='${SHELL} /Users/pconrad/github/giffer/giflib-5.0.4/missing --run autoconf'
AUTOHEADER='${SHELL} /Users/pconrad/github/giffer/giflib-5.0.4/missing --run autoheader'
AUTOMAKE='${SHELL} /Users/pconrad/github/giffer/giflib-5.0.4/missing --run automake-1.11'
AWK='awk'
BUILD_DOC_FALSE=''
BUILD_DOC_TRUE='#'
CC='gcc'
CCDEPMODE='depmode=gcc3'
CFLAGS='-g -O2 -Wall'
CPP='gcc -E'
CPPFLAGS=''
CYGPATH_W='echo'
DEFS='-DHAVE_CONFIG_H'
DEPDIR='.deps'
DLLTOOL='false'
DSYMUTIL='dsymutil'
DUMPBIN=''
ECHO_C='\c'
ECHO_N=''
ECHO_T=''
EGREP='/usr/bin/grep -E'
EXEEXT=''
FGREP='/usr/bin/grep -F'
GREP='/usr/bin/grep'
INSTALL_DATA='${INSTALL} -m 644'
INSTALL_PROGRAM='${INSTALL}'
INSTALL_SCRIPT='${INSTALL}'
INSTALL_STRIP_PROGRAM='$(install_sh) -c -s'
LD='/usr/libexec/gcc/i686-apple-darwin10/4.2.1/ld'
LDFLAGS=''
LIBOBJS=''
LIBS=''
LIBTOOL='$(SHELL) $(top_builddir)/libtool'
LIPO='lipo'
LN_S='ln -s'
LTLIBOBJS=''
MAKEINFO='${SHELL} /Users/pconrad/github/giffer/giflib-5.0.4/missing --run makeinfo'
MANIFEST_TOOL=':'
MKDIR_P='./install-sh -c -d'
NM='/usr/bin/nm'
NMEDIT='nmedit'
OBJDUMP='false'
OBJEXT='o'
OTOOL64=':'
OTOOL='otool'
PACKAGE='giflib'
PACKAGE_BUGREPORT='esr@thyrsus.com'
PACKAGE_NAME='giflib'
PACKAGE_STRING='giflib 5.0.4'
PACKAGE_TARNAME='giflib'
PACKAGE_URL=''
PACKAGE_VERSION='5.0.4'
PATH_SEPARATOR=':'
RANLIB='ranlib'
SED='/usr/bin/sed'
SET_MAKE=''
SHELL='/bin/sh'
SHLIBVERSION='6:1:0'
STRIP='strip'
VERSION='5.0.4'
ac_ct_AR='ar'
ac_ct_CC='gcc'
ac_ct_DUMPBIN=''
am__EXEEXT_FALSE=''
am__EXEEXT_TRUE='#'
am__fastdepCC_FALSE='#'
am__fastdepCC_TRUE=''
am__include='include'
am__isrc=''
am__leading_dot='.'
am__nodep='_no'
am__quote=''
am__tar='$${TAR-tar} chof - "$$tardir"'
am__untar='$${TAR-tar} xf -'
bindir='${exec_prefix}/bin'
build='x86_64-apple-darwin10.8.0'
build_alias=''
build_cpu='x86_64'
build_os='darwin10.8.0'
build_vendor='apple'
datadir='${datarootdir}'
datarootdir='${prefix}/share'
docdir='${datarootdir}/doc/${PACKAGE_TARNAME}'
dvidir='${docdir}'
exec_prefix='${prefix}'
have_xmlto='no'
host='x86_64-apple-darwin10.8.0'
host_alias=''
host_cpu='x86_64'
host_os='darwin10.8.0'
host_vendor='apple'
htmldir='${docdir}'
includedir='${prefix}/include'
infodir='${datarootdir}/info'
install_sh='${SHELL} /Users/pconrad/github/giffer/giflib-5.0.4/install-sh'
libdir='${exec_prefix}/lib'
libexecdir='${exec_prefix}/libexec'
localedir='${datarootdir}/locale'
localstatedir='${prefix}/var'
mandir='${datarootdir}/man'
mkdir_p='$(top_builddir)/./install-sh -c -d'
oldincludedir='/usr/include'
pdfdir='${docdir}'
prefix='/Users/pconrad/github/giffer/giflib'
program_transform_name='s,x,x,'
psdir='${docdir}'
sbindir='${exec_prefix}/sbin'
sharedstatedir='${prefix}/com'
sysconfdir='${prefix}/etc'
target_alias=''

## ----------- ##
## confdefs.h. ##
## ----------- ##

/* confdefs.h */
#define PACKAGE_NAME "giflib"
#define PACKAGE_TARNAME "giflib"
#define PACKAGE_VERSION "5.0.4"
#define PACKAGE_STRING "giflib 5.0.4"
#define PACKAGE_BUGREPORT "esr@thyrsus.com"
#define PACKAGE_URL ""
#define PACKAGE "giflib"
#define VERSION "5.0.4"
#define STDC_HEADERS 1
#define HAVE_SYS_TYPES_H 1
#define HAVE_SYS_STAT_H 1
#define HAVE_STDLIB_H 1
#define HAVE_STRING_H 1
#define HAVE_MEMORY_H 1
#define HAVE_STRINGS_H 1
#define HAVE_INTTYPES_H 1
#define HAVE_STDINT_H 1
#define HAVE_UNISTD_H 1
#define HAVE_DLFCN_H 1
#define LT_OBJDIR ".libs/"
#define HAVE_LIMITS_H 1
#define HAVE_FCNTL_H 1
#define HAVE_STDINT_H 1
#define HAVE_STDARG_H 1

configure: exit 0
